<?xml version="1.0" encoding="UTF-8"?>
<testng-results skipped="0" failed="0" ignored="0" total="1" passed="1">
  <reporter-output>
  </reporter-output>
  <suite name="Suite" duration-ms="15608" started-at="2019-03-09T11:16:00Z" finished-at="2019-03-09T11:16:16Z">
    <groups>
    </groups>
    <test name="Login test Cases" duration-ms="15608" started-at="2019-03-09T11:16:00Z" finished-at="2019-03-09T11:16:16Z">
      <class name="uiAutomation.test.login.LoginTests">
        <test-method status="PASS" signature="tc_001_LoginWithValidCredentials()[pri:0, instance:uiAutomation.test.login.LoginTests@2b98378d]" name="tc_001_LoginWithValidCredentials" duration-ms="15537" started-at="2019-03-09T11:16:00Z" finished-at="2019-03-09T11:16:16Z">
          <reporter-output>
          </reporter-output>
        </test-method> <!-- tc_001_LoginWithValidCredentials -->
      </class> <!-- uiAutomation.test.login.LoginTests -->
    </test> <!-- Login test Cases -->
  </suite> <!-- Suite -->
</testng-results>
